[INFO] 2025-09-13 16:46:06,519 movies.management.commands.import_movies | Starting movies import from C:\Users\vyshn\movie_recommender\movie_recommender\data\movies.csv...
[INFO] 2025-09-13 16:46:40,609 movies.management.commands.import_movies | Starting ratings import from C:\Users\vyshn\movie_recommender\movie_recommender\data\ratings.csv...
[INFO] 2025-09-13 16:56:57,967 movies.management.commands.import_movies | Starting movies import from C:\Users\vyshn\movie_recommender\movie_recommender\data\movies.csv...
[INFO] 2025-09-13 16:57:34,548 movies.management.commands.import_movies | Starting ratings import from C:\Users\vyshn\movie_recommender\movie_recommender\data\ratings.csv...
[INFO] 2025-09-13 17:02:12,816 movies.management.commands.import_movies | Starting movies import from C:\Users\vyshn\movie_recommender\movie_recommender\data\movies.csv...
[INFO] 2025-09-13 17:02:49,139 movies.management.commands.import_movies | Starting ratings import from C:\Users\vyshn\movie_recommender\movie_recommender\data\ratings.csv...
[INFO] 2025-09-19 21:01:26,672 django.utils.autoreload | Watching for file changes with StatReloader
[INFO] 2025-09-19 21:02:01,080 django.utils.autoreload | Watching for file changes with StatReloader
[INFO] 2025-09-19 21:02:48,278 django.utils.autoreload | C:\Users\vyshn\movie_recommender\movies\urls.py changed, reloading.
[INFO] 2025-09-19 21:02:48,821 django.utils.autoreload | Watching for file changes with StatReloader
[WARNING] 2025-09-19 21:03:38,565 django.request | Not Found: /api
[WARNING] 2025-09-19 21:03:38,566 django.server | "GET /api HTTP/1.1" 404 2704
[WARNING] 2025-09-19 21:03:42,388 django.request | Unsupported Media Type: /api/token/
[WARNING] 2025-09-19 21:03:42,389 django.server | "POST /api/token/ HTTP/1.1" 415 62
[WARNING] 2025-09-19 21:03:51,498 django.request | Unsupported Media Type: /api/token/
[WARNING] 2025-09-19 21:03:51,499 django.server | "POST /api/token/ HTTP/1.1" 415 62
[WARNING] 2025-09-19 21:03:53,653 django.request | Unsupported Media Type: /api/token/
[WARNING] 2025-09-19 21:03:53,654 django.server | "POST /api/token/ HTTP/1.1" 415 62
[WARNING] 2025-09-19 21:04:41,094 django.request | Bad Request: /api/token/
[WARNING] 2025-09-19 21:04:41,094 django.server | "POST /api/token/ HTTP/1.1" 400 79
[WARNING] 2025-09-19 21:05:24,881 django.request | Unauthorized: /api/token/
[WARNING] 2025-09-19 21:05:24,882 django.server | "POST /api/token/ HTTP/1.1" 401 63
[INFO] 2025-09-19 21:05:52,317 django.server | "GET /admin/ HTTP/1.1" 302 0
[INFO] 2025-09-19 21:05:52,624 django.server | "GET /admin/login/?next=/admin/ HTTP/1.1" 200 4173
[INFO] 2025-09-19 21:05:53,026 django.server | "GET /static/admin/css/nav_sidebar.css HTTP/1.1" 200 2810
[INFO] 2025-09-19 21:05:53,041 django.server | "GET /static/admin/css/dark_mode.css HTTP/1.1" 200 2808
[INFO] 2025-09-19 21:05:53,094 django.server | "GET /static/admin/css/responsive.css HTTP/1.1" 200 16565
[INFO] 2025-09-19 21:05:53,098 django.server | "GET /static/admin/css/login.css HTTP/1.1" 200 951
[INFO] 2025-09-19 21:05:53,100 django.server | "GET /static/admin/css/base.css HTTP/1.1" 200 22120
[INFO] 2025-09-19 21:05:53,108 django.server | "GET /static/admin/js/theme.js HTTP/1.1" 200 1653
[INFO] 2025-09-19 21:05:53,137 django.server | "GET /static/admin/js/nav_sidebar.js HTTP/1.1" 200 3063
[WARNING] 2025-09-19 21:05:53,150 django.request | Not Found: /favicon.ico
[WARNING] 2025-09-19 21:05:53,151 django.server | "GET /favicon.ico HTTP/1.1" 404 2728
[INFO] 2025-09-19 21:05:57,302 django.server | "POST /admin/login/?next=/admin/ HTTP/1.1" 200 4348
[INFO] 2025-09-19 21:06:09,480 django.server | "POST /admin/login/?next=/admin/ HTTP/1.1" 200 4344
[INFO] 2025-09-19 21:06:22,424 django.server | "POST /admin/login/?next=/admin/ HTTP/1.1" 200 4344
[INFO] 2025-09-19 21:06:33,206 django.server | "POST /admin/login/?next=/admin/ HTTP/1.1" 200 4344
[INFO] 2025-09-19 21:13:58,516 django.utils.autoreload | Watching for file changes with StatReloader
[INFO] 2025-09-19 21:14:02,495 django.server | "GET /admin/login/?next=/admin/ HTTP/1.1" 200 4173
[INFO] 2025-09-19 21:14:05,529 django.server | "POST /admin/login/?next=/admin/ HTTP/1.1" 200 4348
[INFO] 2025-09-19 21:14:18,619 django.server | "POST /admin/login/?next=/admin/ HTTP/1.1" 302 0
[INFO] 2025-09-19 21:14:18,708 django.server | "GET /admin/ HTTP/1.1" 200 8998
[INFO] 2025-09-19 21:14:18,791 django.server | "GET /static/admin/img/icon-addlink.svg HTTP/1.1" 200 331
[INFO] 2025-09-19 21:14:18,906 django.server | "GET /static/admin/css/dashboard.css HTTP/1.1" 200 441
[INFO] 2025-09-19 21:14:18,921 django.server | "GET /static/admin/img/icon-changelink.svg HTTP/1.1" 200 380
[INFO] 2025-09-19 21:14:26,451 django.server | "GET /admin/auth/user/add/ HTTP/1.1" 200 14192
[INFO] 2025-09-19 21:14:26,473 django.server | "GET /static/admin/css/forms.css HTTP/1.1" 200 8525
[INFO] 2025-09-19 21:14:26,477 django.server | "GET /static/admin/js/jquery.init.js HTTP/1.1" 200 347
[INFO] 2025-09-19 21:14:26,479 django.server | "GET /static/admin/css/unusable_password_field.css HTTP/1.1" 200 663
[INFO] 2025-09-19 21:14:26,490 django.server | "GET /admin/jsi18n/ HTTP/1.1" 200 3342
[INFO] 2025-09-19 21:14:26,492 django.server | "GET /static/admin/css/widgets.css HTTP/1.1" 200 11991
[INFO] 2025-09-19 21:14:26,497 django.server | "GET /static/admin/js/admin/RelatedObjectLookups.js HTTP/1.1" 200 9777
[INFO] 2025-09-19 21:14:26,499 django.server | "GET /static/admin/js/core.js HTTP/1.1" 200 6208
[INFO] 2025-09-19 21:14:26,505 django.server | "GET /static/admin/js/actions.js HTTP/1.1" 200 8076
[INFO] 2025-09-19 21:14:26,508 django.server | "GET /static/admin/js/prepopulate.js HTTP/1.1" 200 1531
[INFO] 2025-09-19 21:14:26,509 django.server | "GET /static/admin/js/urlify.js HTTP/1.1" 200 7887
[INFO] 2025-09-19 21:14:26,514 django.server | "GET /static/admin/js/prepopulate_init.js HTTP/1.1" 200 586
[INFO] 2025-09-19 21:14:26,518 django.server | "GET /static/admin/js/vendor/jquery/jquery.js HTTP/1.1" 200 285314
[INFO] 2025-09-19 21:14:26,546 django.server | "GET /static/admin/js/change_form.js HTTP/1.1" 200 606
[INFO] 2025-09-19 21:14:26,562 django.server | "GET /static/admin/js/unusable_password_field.js HTTP/1.1" 200 1480
[INFO] 2025-09-19 21:14:26,572 django.server | "GET /static/admin/js/vendor/xregexp/xregexp.js HTTP/1.1" 200 325171
[INFO] 2025-09-19 21:14:46,490 django.server | "POST /admin/auth/user/add/ HTTP/1.1" 302 0
[INFO] 2025-09-19 21:14:46,691 django.server | "GET /admin/auth/user/278/change/ HTTP/1.1" 200 24964
[INFO] 2025-09-19 21:14:46,711 django.server | "GET /admin/jsi18n/ HTTP/1.1" 200 3342
[INFO] 2025-09-19 21:14:46,728 django.server | "GET /static/admin/js/calendar.js HTTP/1.1" 200 9141
[INFO] 2025-09-19 21:14:46,729 django.server | "GET /static/admin/js/admin/DateTimeShortcuts.js HTTP/1.1" 200 19319
[INFO] 2025-09-19 21:14:46,730 django.server | "GET /static/admin/js/SelectFilter2.js HTTP/1.1" 200 15845
[INFO] 2025-09-19 21:14:46,730 django.server | "GET /static/admin/js/SelectBox.js HTTP/1.1" 200 4530
[INFO] 2025-09-19 21:14:46,747 django.server | "GET /static/admin/img/icon-yes.svg HTTP/1.1" 200 436
[INFO] 2025-09-19 21:14:46,765 django.server | "GET /static/admin/img/search.svg HTTP/1.1" 200 458
[INFO] 2025-09-19 21:14:46,765 django.server | "GET /static/admin/img/icon-clock.svg HTTP/1.1" 200 677
[INFO] 2025-09-19 21:14:46,766 django.server | "GET /static/admin/img/selector-icons.svg HTTP/1.1" 200 3291
[INFO] 2025-09-19 21:14:46,767 django.server | "GET /static/admin/img/icon-calendar.svg HTTP/1.1" 200 1086
[INFO] 2025-09-19 21:15:00,589 django.server | "POST /api/token/ HTTP/1.1" 200 494
[INFO] 2025-09-19 21:18:48,331 django.utils.autoreload | C:\Users\vyshn\movie_recommender\movie_recommender\settings.py changed, reloading.
[INFO] 2025-09-19 21:18:48,927 django.utils.autoreload | Watching for file changes with StatReloader
[INFO] 2025-09-19 21:34:04,207 django.server | "GET /admin HTTP/1.1" 301 0
[INFO] 2025-09-19 21:34:04,332 django.server | "GET /admin/ HTTP/1.1" 200 9372
[WARNING] 2025-09-19 21:34:13,638 django.request | Not Found: /movies/
[WARNING] 2025-09-19 21:34:13,639 django.server | "GET /movies/?genre=Action HTTP/1.1" 404 2729
[INFO] 2025-09-19 21:35:17,041 django.utils.autoreload | C:\Users\vyshn\movie_recommender\movies\urls.py changed, reloading.
[INFO] 2025-09-19 21:35:17,600 django.utils.autoreload | Watching for file changes with StatReloader
[INFO] 2025-09-19 21:36:05,451 django.utils.autoreload | C:\Users\vyshn\movie_recommender\movies\views.py changed, reloading.
[INFO] 2025-09-19 21:36:06,039 django.utils.autoreload | Watching for file changes with StatReloader
[INFO] 2025-09-19 21:37:13,201 django.utils.autoreload | Watching for file changes with StatReloader
[INFO] 2025-09-19 21:38:19,739 django.utils.autoreload | Watching for file changes with StatReloader
[INFO] 2025-09-19 21:38:42,206 django.utils.autoreload | C:\Users\vyshn\movie_recommender\movies\views.py changed, reloading.
[INFO] 2025-09-19 21:38:42,754 django.utils.autoreload | Watching for file changes with StatReloader
[INFO] 2025-09-19 21:38:50,254 django.utils.autoreload | Watching for file changes with StatReloader
[INFO] 2025-09-19 21:39:47,513 django.utils.autoreload | C:\Users\vyshn\movie_recommender\movies\views.py changed, reloading.
[INFO] 2025-09-19 21:39:48,104 django.utils.autoreload | Watching for file changes with StatReloader
[INFO] 2025-09-19 21:39:59,256 django.utils.autoreload | Watching for file changes with StatReloader
[INFO] 2025-09-19 21:41:12,450 django.utils.autoreload | C:\Users\vyshn\movie_recommender\movies\views.py changed, reloading.
[INFO] 2025-09-19 21:41:12,977 django.utils.autoreload | Watching for file changes with StatReloader
[INFO] 2025-09-19 21:44:12,653 django.utils.autoreload | Watching for file changes with StatReloader
[INFO] 2025-09-19 21:45:32,697 django.utils.autoreload | Watching for file changes with StatReloader
[WARNING] 2025-09-19 21:45:46,625 django.request | Not Found: /movies/
[WARNING] 2025-09-19 21:45:46,626 django.server | "GET /movies/?genre=Action HTTP/1.1" 404 2729
[INFO] 2025-09-19 21:46:01,912 django.utils.autoreload | C:\Users\vyshn\movie_recommender\movie_recommender\urls.py changed, reloading.
[INFO] 2025-09-19 21:46:02,433 django.utils.autoreload | Watching for file changes with StatReloader
[INFO] 2025-09-19 21:46:06,818 django.utils.autoreload | C:\Users\vyshn\movie_recommender\movies\urls.py changed, reloading.
[INFO] 2025-09-19 21:46:07,319 django.utils.autoreload | Watching for file changes with StatReloader
[WARNING] 2025-09-19 21:46:12,609 django.request | Not Found: /movies/
[WARNING] 2025-09-19 21:46:12,610 django.server | "GET /movies/?genre=Action HTTP/1.1" 404 2729
[ERROR] 2025-09-19 21:46:47,574 django.request | Internal Server Error: /api/movies/
Traceback (most recent call last):
  File "C:\Users\vyshn\movie_recommender\env\Lib\site-packages\django\core\handlers\exception.py", line 55, in inner
    response = get_response(request)
  File "C:\Users\vyshn\movie_recommender\env\Lib\site-packages\django\core\handlers\base.py", line 197, in _get_response
    response = wrapped_callback(request, *callback_args, **callback_kwargs)
  File "C:\Users\vyshn\movie_recommender\env\Lib\site-packages\django\views\decorators\csrf.py", line 65, in _view_wrapper
    return view_func(request, *args, **kwargs)
  File "C:\Users\vyshn\movie_recommender\env\Lib\site-packages\django\views\generic\base.py", line 105, in view
    return self.dispatch(request, *args, **kwargs)
           ~~~~~~~~~~~~~^^^^^^^^^^^^^^^^^^^^^^^^^^
  File "C:\Users\vyshn\movie_recommender\env\Lib\site-packages\rest_framework\views.py", line 515, in dispatch
    response = self.handle_exception(exc)
  File "C:\Users\vyshn\movie_recommender\env\Lib\site-packages\rest_framework\views.py", line 475, in handle_exception
    self.raise_uncaught_exception(exc)
    ~~~~~~~~~~~~~~~~~~~~~~~~~~~~~^^^^^
  File "C:\Users\vyshn\movie_recommender\env\Lib\site-packages\rest_framework\views.py", line 486, in raise_uncaught_exception
    raise exc
  File "C:\Users\vyshn\movie_recommender\env\Lib\site-packages\rest_framework\views.py", line 512, in dispatch
    response = handler(request, *args, **kwargs)
  File "C:\Users\vyshn\movie_recommender\env\Lib\site-packages\rest_framework\generics.py", line 203, in get
    return self.list(request, *args, **kwargs)
           ~~~~~~~~~^^^^^^^^^^^^^^^^^^^^^^^^^^
  File "C:\Users\vyshn\movie_recommender\env\Lib\site-packages\rest_framework\mixins.py", line 38, in list
    queryset = self.filter_queryset(self.get_queryset())
  File "C:\Users\vyshn\movie_recommender\env\Lib\site-packages\rest_framework\generics.py", line 154, in filter_queryset
    queryset = backend().filter_queryset(self.request, queryset, self)
  File "C:\Users\vyshn\movie_recommender\env\Lib\site-packages\django_filters\rest_framework\backends.py", line 66, in filter_queryset
    filterset = self.get_filterset(request, queryset, view)
  File "C:\Users\vyshn\movie_recommender\env\Lib\site-packages\django_filters\rest_framework\backends.py", line 18, in get_filterset
    filterset_class = self.get_filterset_class(view, queryset)
  File "C:\Users\vyshn\movie_recommender\env\Lib\site-packages\django_filters\rest_framework\backends.py", line 49, in get_filterset_class
    class AutoFilterSet(self.filterset_base):
    ...<2 lines>...
            fields = filterset_fields
  File "C:\Users\vyshn\movie_recommender\env\Lib\site-packages\django_filters\filterset.py", line 82, in __new__
    new_class.base_filters = new_class.get_filters()
                             ~~~~~~~~~~~~~~~~~~~~~^^
  File "C:\Users\vyshn\movie_recommender\env\Lib\site-packages\django_filters\filterset.py", line 371, in get_filters
    raise TypeError(
    ...<2 lines>...
    )
TypeError: 'Meta.fields' must not contain non-model field names: genre, release_year
[ERROR] 2025-09-19 21:46:47,586 django.server | "GET /api/movies/?genre=Action HTTP/1.1" 500 130221
[INFO] 2025-09-19 21:47:35,354 django.utils.autoreload | C:\Users\vyshn\movie_recommender\movies\views.py changed, reloading.
[INFO] 2025-09-19 21:47:35,915 django.utils.autoreload | Watching for file changes with StatReloader
[ERROR] 2025-09-19 21:47:38,484 django.request | Internal Server Error: /api/movies/
Traceback (most recent call last):
  File "C:\Users\vyshn\movie_recommender\env\Lib\site-packages\django\core\handlers\exception.py", line 55, in inner
    response = get_response(request)
  File "C:\Users\vyshn\movie_recommender\env\Lib\site-packages\django\core\handlers\base.py", line 197, in _get_response
    response = wrapped_callback(request, *callback_args, **callback_kwargs)
  File "C:\Users\vyshn\movie_recommender\env\Lib\site-packages\django\views\decorators\csrf.py", line 65, in _view_wrapper
    return view_func(request, *args, **kwargs)
  File "C:\Users\vyshn\movie_recommender\env\Lib\site-packages\django\views\generic\base.py", line 105, in view
    return self.dispatch(request, *args, **kwargs)
           ~~~~~~~~~~~~~^^^^^^^^^^^^^^^^^^^^^^^^^^
  File "C:\Users\vyshn\movie_recommender\env\Lib\site-packages\rest_framework\views.py", line 515, in dispatch
    response = self.handle_exception(exc)
  File "C:\Users\vyshn\movie_recommender\env\Lib\site-packages\rest_framework\views.py", line 475, in handle_exception
    self.raise_uncaught_exception(exc)
    ~~~~~~~~~~~~~~~~~~~~~~~~~~~~~^^^^^
  File "C:\Users\vyshn\movie_recommender\env\Lib\site-packages\rest_framework\views.py", line 486, in raise_uncaught_exception
    raise exc
  File "C:\Users\vyshn\movie_recommender\env\Lib\site-packages\rest_framework\views.py", line 512, in dispatch
    response = handler(request, *args, **kwargs)
  File "C:\Users\vyshn\movie_recommender\env\Lib\site-packages\rest_framework\generics.py", line 203, in get
    return self.list(request, *args, **kwargs)
           ~~~~~~~~~^^^^^^^^^^^^^^^^^^^^^^^^^^
  File "C:\Users\vyshn\movie_recommender\env\Lib\site-packages\rest_framework\mixins.py", line 38, in list
    queryset = self.filter_queryset(self.get_queryset())
  File "C:\Users\vyshn\movie_recommender\env\Lib\site-packages\rest_framework\generics.py", line 154, in filter_queryset
    queryset = backend().filter_queryset(self.request, queryset, self)
  File "C:\Users\vyshn\movie_recommender\env\Lib\site-packages\django_filters\rest_framework\backends.py", line 66, in filter_queryset
    filterset = self.get_filterset(request, queryset, view)
  File "C:\Users\vyshn\movie_recommender\env\Lib\site-packages\django_filters\rest_framework\backends.py", line 18, in get_filterset
    filterset_class = self.get_filterset_class(view, queryset)
  File "C:\Users\vyshn\movie_recommender\env\Lib\site-packages\django_filters\rest_framework\backends.py", line 49, in get_filterset_class
    class AutoFilterSet(self.filterset_base):
    ...<2 lines>...
            fields = filterset_fields
  File "C:\Users\vyshn\movie_recommender\env\Lib\site-packages\django_filters\filterset.py", line 82, in __new__
    new_class.base_filters = new_class.get_filters()
                             ~~~~~~~~~~~~~~~~~~~~~^^
  File "C:\Users\vyshn\movie_recommender\env\Lib\site-packages\django_filters\filterset.py", line 371, in get_filters
    raise TypeError(
    ...<2 lines>...
    )
TypeError: 'Meta.fields' must not contain non-model field names: release_year
[ERROR] 2025-09-19 21:47:38,487 django.server | "GET /api/movies/?genre=Action HTTP/1.1" 500 130640
[INFO] 2025-09-19 21:48:11,698 django.utils.autoreload | C:\Users\vyshn\movie_recommender\movies\serializers.py changed, reloading.
[INFO] 2025-09-19 21:48:12,263 django.utils.autoreload | Watching for file changes with StatReloader
[ERROR] 2025-09-19 21:48:14,615 django.request | Internal Server Error: /api/movies/
Traceback (most recent call last):
  File "C:\Users\vyshn\movie_recommender\env\Lib\site-packages\django\core\handlers\exception.py", line 55, in inner
    response = get_response(request)
  File "C:\Users\vyshn\movie_recommender\env\Lib\site-packages\django\core\handlers\base.py", line 197, in _get_response
    response = wrapped_callback(request, *callback_args, **callback_kwargs)
  File "C:\Users\vyshn\movie_recommender\env\Lib\site-packages\django\views\decorators\csrf.py", line 65, in _view_wrapper
    return view_func(request, *args, **kwargs)
  File "C:\Users\vyshn\movie_recommender\env\Lib\site-packages\django\views\generic\base.py", line 105, in view
    return self.dispatch(request, *args, **kwargs)
           ~~~~~~~~~~~~~^^^^^^^^^^^^^^^^^^^^^^^^^^
  File "C:\Users\vyshn\movie_recommender\env\Lib\site-packages\rest_framework\views.py", line 515, in dispatch
    response = self.handle_exception(exc)
  File "C:\Users\vyshn\movie_recommender\env\Lib\site-packages\rest_framework\views.py", line 475, in handle_exception
    self.raise_uncaught_exception(exc)
    ~~~~~~~~~~~~~~~~~~~~~~~~~~~~~^^^^^
  File "C:\Users\vyshn\movie_recommender\env\Lib\site-packages\rest_framework\views.py", line 486, in raise_uncaught_exception
    raise exc
  File "C:\Users\vyshn\movie_recommender\env\Lib\site-packages\rest_framework\views.py", line 512, in dispatch
    response = handler(request, *args, **kwargs)
  File "C:\Users\vyshn\movie_recommender\env\Lib\site-packages\rest_framework\generics.py", line 203, in get
    return self.list(request, *args, **kwargs)
           ~~~~~~~~~^^^^^^^^^^^^^^^^^^^^^^^^^^
  File "C:\Users\vyshn\movie_recommender\env\Lib\site-packages\rest_framework\mixins.py", line 38, in list
    queryset = self.filter_queryset(self.get_queryset())
  File "C:\Users\vyshn\movie_recommender\env\Lib\site-packages\rest_framework\generics.py", line 154, in filter_queryset
    queryset = backend().filter_queryset(self.request, queryset, self)
  File "C:\Users\vyshn\movie_recommender\env\Lib\site-packages\django_filters\rest_framework\backends.py", line 66, in filter_queryset
    filterset = self.get_filterset(request, queryset, view)
  File "C:\Users\vyshn\movie_recommender\env\Lib\site-packages\django_filters\rest_framework\backends.py", line 18, in get_filterset
    filterset_class = self.get_filterset_class(view, queryset)
  File "C:\Users\vyshn\movie_recommender\env\Lib\site-packages\django_filters\rest_framework\backends.py", line 49, in get_filterset_class
    class AutoFilterSet(self.filterset_base):
    ...<2 lines>...
            fields = filterset_fields
  File "C:\Users\vyshn\movie_recommender\env\Lib\site-packages\django_filters\filterset.py", line 82, in __new__
    new_class.base_filters = new_class.get_filters()
                             ~~~~~~~~~~~~~~~~~~~~~^^
  File "C:\Users\vyshn\movie_recommender\env\Lib\site-packages\django_filters\filterset.py", line 371, in get_filters
    raise TypeError(
    ...<2 lines>...
    )
TypeError: 'Meta.fields' must not contain non-model field names: release_year
[ERROR] 2025-09-19 21:48:14,619 django.server | "GET /api/movies/?genre=Action HTTP/1.1" 500 130640
[ERROR] 2025-09-19 21:48:18,026 django.request | Internal Server Error: /api/movies/
Traceback (most recent call last):
  File "C:\Users\vyshn\movie_recommender\env\Lib\site-packages\django\core\handlers\exception.py", line 55, in inner
    response = get_response(request)
  File "C:\Users\vyshn\movie_recommender\env\Lib\site-packages\django\core\handlers\base.py", line 197, in _get_response
    response = wrapped_callback(request, *callback_args, **callback_kwargs)
  File "C:\Users\vyshn\movie_recommender\env\Lib\site-packages\django\views\decorators\csrf.py", line 65, in _view_wrapper
    return view_func(request, *args, **kwargs)
  File "C:\Users\vyshn\movie_recommender\env\Lib\site-packages\django\views\generic\base.py", line 105, in view
    return self.dispatch(request, *args, **kwargs)
           ~~~~~~~~~~~~~^^^^^^^^^^^^^^^^^^^^^^^^^^
  File "C:\Users\vyshn\movie_recommender\env\Lib\site-packages\rest_framework\views.py", line 515, in dispatch
    response = self.handle_exception(exc)
  File "C:\Users\vyshn\movie_recommender\env\Lib\site-packages\rest_framework\views.py", line 475, in handle_exception
    self.raise_uncaught_exception(exc)
    ~~~~~~~~~~~~~~~~~~~~~~~~~~~~~^^^^^
  File "C:\Users\vyshn\movie_recommender\env\Lib\site-packages\rest_framework\views.py", line 486, in raise_uncaught_exception
    raise exc
  File "C:\Users\vyshn\movie_recommender\env\Lib\site-packages\rest_framework\views.py", line 512, in dispatch
    response = handler(request, *args, **kwargs)
  File "C:\Users\vyshn\movie_recommender\env\Lib\site-packages\rest_framework\generics.py", line 203, in get
    return self.list(request, *args, **kwargs)
           ~~~~~~~~~^^^^^^^^^^^^^^^^^^^^^^^^^^
  File "C:\Users\vyshn\movie_recommender\env\Lib\site-packages\rest_framework\mixins.py", line 38, in list
    queryset = self.filter_queryset(self.get_queryset())
  File "C:\Users\vyshn\movie_recommender\env\Lib\site-packages\rest_framework\generics.py", line 154, in filter_queryset
    queryset = backend().filter_queryset(self.request, queryset, self)
  File "C:\Users\vyshn\movie_recommender\env\Lib\site-packages\django_filters\rest_framework\backends.py", line 66, in filter_queryset
    filterset = self.get_filterset(request, queryset, view)
  File "C:\Users\vyshn\movie_recommender\env\Lib\site-packages\django_filters\rest_framework\backends.py", line 18, in get_filterset
    filterset_class = self.get_filterset_class(view, queryset)
  File "C:\Users\vyshn\movie_recommender\env\Lib\site-packages\django_filters\rest_framework\backends.py", line 49, in get_filterset_class
    class AutoFilterSet(self.filterset_base):
    ...<2 lines>...
            fields = filterset_fields
  File "C:\Users\vyshn\movie_recommender\env\Lib\site-packages\django_filters\filterset.py", line 82, in __new__
    new_class.base_filters = new_class.get_filters()
                             ~~~~~~~~~~~~~~~~~~~~~^^
  File "C:\Users\vyshn\movie_recommender\env\Lib\site-packages\django_filters\filterset.py", line 371, in get_filters
    raise TypeError(
    ...<2 lines>...
    )
TypeError: 'Meta.fields' must not contain non-model field names: release_year
[ERROR] 2025-09-19 21:48:18,029 django.server | "GET /api/movies/?genre=Action HTTP/1.1" 500 130640
[INFO] 2025-09-19 21:49:08,264 django.utils.autoreload | C:\Users\vyshn\movie_recommender\movies\views.py changed, reloading.
[INFO] 2025-09-19 21:49:08,820 django.utils.autoreload | Watching for file changes with StatReloader
[INFO] 2025-09-19 21:49:16,182 django.server | "GET /api/movies/?genre=Action HTTP/1.1" 200 1009
[INFO] 2025-09-19 21:52:02,876 django.server | "GET //api/movies/?search=dark HTTP/1.1" 200 1008
[INFO] 2025-09-19 21:52:38,267 django.server | "GET //api/movies/?ordering=-release_year HTTP/1.1" 200 1019
[INFO] 2025-09-19 21:53:07,838 django.server | "GET //api/movies/?ordering=-release_date HTTP/1.1" 200 1019
[INFO] 2025-09-19 21:53:35,399 django.server | "GET //api/movies/?genre=comedy HTTP/1.1" 200 1009
[INFO] 2025-09-19 21:53:51,981 django.server | "GET //api/movies/?genres=comedy HTTP/1.1" 200 927
[INFO] 2025-09-20 22:15:40,839 django.utils.autoreload | Watching for file changes with StatReloader
[WARNING] 2025-09-20 22:17:32,241 django.request | Not Found: /
[WARNING] 2025-09-20 22:17:32,242 django.server | "GET / HTTP/1.1" 404 2677
[WARNING] 2025-09-20 22:17:32,317 django.request | Not Found: /favicon.ico
[WARNING] 2025-09-20 22:17:32,317 django.server | "GET /favicon.ico HTTP/1.1" 404 2728
[INFO] 2025-09-20 22:17:42,697 django.server | "GET /api/movies/1 HTTP/1.1" 301 0
[INFO] 2025-09-20 22:17:42,729 django.server | "GET /api/movies/1/ HTTP/1.1" 200 110
[WARNING] 2025-09-20 22:17:50,115 django.request | Not Found: /api/movies/2//
[WARNING] 2025-09-20 22:17:50,116 django.server | "GET /api/movies/2// HTTP/1.1" 404 3133
[INFO] 2025-09-20 22:17:53,098 django.server | "GET /api/movies/2/ HTTP/1.1" 200 91
[INFO] 2025-09-20 22:51:13,176 django.utils.autoreload | C:\Users\vyshn\movie_recommender\movies\serializers.py changed, reloading.
[INFO] 2025-09-20 22:51:14,237 django.utils.autoreload | Watching for file changes with StatReloader
[INFO] 2025-09-20 22:52:00,995 django.utils.autoreload | C:\Users\vyshn\movie_recommender\movies\urls.py changed, reloading.
[INFO] 2025-09-20 22:52:02,173 django.utils.autoreload | Watching for file changes with StatReloader
[INFO] 2025-09-20 22:53:30,460 django.utils.autoreload | C:\Users\vyshn\movie_recommender\movies\views.py changed, reloading.
[INFO] 2025-09-20 22:53:31,639 django.utils.autoreload | Watching for file changes with StatReloader
[WARNING] 2025-09-20 22:53:39,813 django.request | Not Found: /api/
[WARNING] 2025-09-20 22:53:39,815 django.server | "GET /api/ HTTP/1.1" 404 3918
[INFO] 2025-09-20 22:53:50,109 django.server | "GET /api/ratings/ HTTP/1.1" 200 52
[WARNING] 2025-09-20 22:54:02,986 django.request | Not Found: /api/ratings/inception
[WARNING] 2025-09-20 22:54:02,987 django.server | "GET /api/ratings/inception HTTP/1.1" 404 3969
[INFO] 2025-09-20 22:54:16,766 django.server | "GET /api/ratings/ HTTP/1.1" 200 52
[INFO] 2025-09-20 22:55:54,124 django.server | "GET /api/ratings/add HTTP/1.1" 301 0
[WARNING] 2025-09-20 22:55:54,150 django.request | Method Not Allowed: /api/ratings/add/
[WARNING] 2025-09-20 22:55:54,152 django.server | "GET /api/ratings/add/ HTTP/1.1" 405 40
[INFO] 2025-09-20 22:58:43,861 django.utils.autoreload | C:\Users\vyshn\movie_recommender\movies\views.py changed, reloading.
[INFO] 2025-09-20 22:58:44,908 django.utils.autoreload | Watching for file changes with StatReloader
[INFO] 2025-09-20 22:59:12,516 django.utils.autoreload | C:\Users\vyshn\movie_recommender\movies\urls.py changed, reloading.
[INFO] 2025-09-20 22:59:13,648 django.utils.autoreload | Watching for file changes with StatReloader
[INFO] 2025-09-20 22:59:34,959 django.utils.autoreload | C:\Users\vyshn\movie_recommender\movies\urls.py changed, reloading.
[INFO] 2025-09-20 22:59:36,196 django.utils.autoreload | Watching for file changes with StatReloader
[WARNING] 2025-09-20 22:59:42,910 django.request | Not Found: /api/ratings/add/
[WARNING] 2025-09-20 22:59:42,911 django.server | "GET /api/ratings/add/ HTTP/1.1" 404 3693
[INFO] 2025-09-20 22:59:53,909 django.server | "GET /api/ratings/ HTTP/1.1" 200 52
[INFO] 2025-09-20 23:01:03,873 django.server | "POST /api/token/ HTTP/1.1" 200 494
[WARNING] 2025-09-20 23:05:47,061 django.request | Forbidden: /api/ratings/
[WARNING] 2025-09-20 23:05:47,062 django.server | "POST /api/ratings/?Authorization=Bearer%20%20%20%20%20%22access%22:%20%22eyJhbGciOiJIUzI1NiIsInR5cCI6IkpXVCJ9.eyJ0b2tlbl90eXBlIjoiYWNjZXNzIiwiZXhwIjoxNzU4Mzg5NzYzLCJpYXQiOjE3NTgzODk0NjMsImp0aSI6IjM1ZDgzMmQwMDdlODQzNTJhMmU4ZjAzOWE4ZWYxNDJkIiwidXNlcl9pZCI6IjI3OCJ9.sYzCk7sj7uOFpOduwHcHtqR9rWrWeeKPA3lgU2x4FIs%22%0A HTTP/1.1" 403 58
[WARNING] 2025-09-20 23:06:15,145 django.request | Forbidden: /api/ratings/
[WARNING] 2025-09-20 23:06:15,146 django.server | "POST /api/ratings/?Authorization=Bearer%20eyJhbGciOiJIUzI1NiIsInR5cCI6IkpXVCJ9.eyJ0b2tlbl90eXBlIjoiYWNjZXNzIiwiZXhwIjoxNzU4Mzg5NzYzLCJpYXQiOjE3NTgzODk0NjMsImp0aSI6IjM1ZDgzMmQwMDdlODQzNTJhMmU4ZjAzOWE4ZWYxNDJkIiwidXNlcl9pZCI6IjI3OCJ9.sYzCk7sj7uOFpOduwHcHtqR9rWrWeeKPA3lgU2x4FIs%0A HTTP/1.1" 403 58
[WARNING] 2025-09-20 23:11:36,924 django.request | Not Found: /api/gettoken/
[WARNING] 2025-09-20 23:11:36,925 django.server | "POST /api/gettoken/ HTTP/1.1" 404 3685
[INFO] 2025-09-20 23:12:15,986 django.server | "POST /api/token/ HTTP/1.1" 200 494
[WARNING] 2025-09-20 23:12:46,322 django.request | Forbidden: /api/ratings/
[WARNING] 2025-09-20 23:12:46,323 django.server | "POST /api/ratings/ HTTP/1.1" 403 58
[INFO] 2025-09-20 23:14:06,511 django.utils.autoreload | C:\Users\vyshn\movie_recommender\movie_recommender\settings.py changed, reloading.
[INFO] 2025-09-20 23:14:07,740 django.utils.autoreload | Watching for file changes with StatReloader
[INFO] 2025-09-20 23:14:11,013 django.server | "POST /api/ratings/ HTTP/1.1" 201 35
[INFO] 2025-09-20 23:14:22,681 django.server | "GET /api/ratings/ HTTP/1.1" 200 87
[INFO] 2025-09-21 12:18:15,550 django.utils.autoreload | Watching for file changes with StatReloader
[INFO] 2025-09-21 12:20:15,904 django.utils.autoreload | C:\Users\vyshn\movie_recommender\movies\urls.py changed, reloading.
[INFO] 2025-09-21 12:20:16,941 django.utils.autoreload | Watching for file changes with StatReloader
[INFO] 2025-09-21 12:20:20,460 django.utils.autoreload | C:\Users\vyshn\movie_recommender\movies\views.py changed, reloading.
[INFO] 2025-09-21 12:20:21,463 django.utils.autoreload | Watching for file changes with StatReloader
[INFO] 2025-09-21 12:20:23,122 django.utils.autoreload | C:\Users\vyshn\movie_recommender\movies\views.py changed, reloading.
[INFO] 2025-09-21 12:20:24,190 django.utils.autoreload | Watching for file changes with StatReloader
[WARNING] 2025-09-21 12:21:12,877 django.request | Not Found: /
[WARNING] 2025-09-21 12:21:12,879 django.server | "GET / HTTP/1.1" 404 2677
[WARNING] 2025-09-21 12:21:12,989 django.request | Not Found: /favicon.ico
[WARNING] 2025-09-21 12:21:12,989 django.server | "GET /favicon.ico HTTP/1.1" 404 2728
[WARNING] 2025-09-21 12:21:18,408 django.request | Unauthorized: /api/ratings/
[WARNING] 2025-09-21 12:21:18,409 django.server | "GET /api/ratings/ HTTP/1.1" 401 58
[INFO] 2025-09-21 12:21:29,812 django.server | "GET /api/recommendations HTTP/1.1" 301 0
[WARNING] 2025-09-21 12:21:29,829 django.request | Unauthorized: /api/recommendations/
[WARNING] 2025-09-21 12:21:29,830 django.server | "GET /api/recommendations/ HTTP/1.1" 401 58
[ERROR] 2025-09-21 12:22:04,821 django.request | Internal Server Error: /api/recommendations
Traceback (most recent call last):
  File "C:\Users\vyshn\movie_recommender\env\Lib\site-packages\django\core\handlers\exception.py", line 55, in inner
    response = get_response(request)
  File "C:\Users\vyshn\movie_recommender\env\Lib\site-packages\django\utils\deprecation.py", line 122, in __call__
    response = self.process_response(request, response)
  File "C:\Users\vyshn\movie_recommender\env\Lib\site-packages\django\middleware\common.py", line 108, in process_response
    return self.response_redirect_class(self.get_full_path_with_slash(request))
                                        ~~~~~~~~~~~~~~~~~~~~~~~~~~~~~^^^^^^^^^
  File "C:\Users\vyshn\movie_recommender\env\Lib\site-packages\django\middleware\common.py", line 87, in get_full_path_with_slash
    raise RuntimeError(
    ...<9 lines>...
    )
RuntimeError: You called this URL via POST, but the URL doesn't end in a slash and you have APPEND_SLASH set. Django can't redirect to the slash URL while maintaining POST data. Change your form to point to 127.0.0.1:8000/api/recommendations/ (note the trailing slash), or set APPEND_SLASH=False in your Django settings.
[ERROR] 2025-09-21 12:22:04,826 django.server | "POST /api/recommendations HTTP/1.1" 500 69928
[INFO] 2025-09-21 12:22:09,861 django.server | "GET /api/recommendations HTTP/1.1" 301 0
[WARNING] 2025-09-21 12:22:09,868 django.request | Unauthorized: /api/recommendations/
[WARNING] 2025-09-21 12:22:09,869 django.server | "GET /api/recommendations/ HTTP/1.1" 401 58
[INFO] 2025-09-21 12:22:23,604 django.server | "POST /api/token/ HTTP/1.1" 200 494
[INFO] 2025-09-21 12:22:50,211 django.server | "GET /api/recommendations HTTP/1.1" 301 0
[INFO] 2025-09-21 12:22:50,258 django.server | "GET /api/recommendations/ HTTP/1.1" 200 929
[INFO] 2025-09-21 12:23:38,483 django.server | "GET /api/ratings/ HTTP/1.1" 200 87
[WARNING] 2025-09-21 12:23:45,837 django.request | Not Found: /api/ratings/1
[WARNING] 2025-09-21 12:23:45,838 django.server | "GET /api/ratings/1 HTTP/1.1" 404 3961
[INFO] 2025-09-21 19:14:47,728 django.utils.autoreload | Watching for file changes with StatReloader
[INFO] 2025-09-21 19:14:55,607 django.utils.autoreload | C:\Users\vyshn\movie_recommender\movies\urls.py changed, reloading.
[INFO] 2025-09-21 19:14:56,161 django.utils.autoreload | Watching for file changes with StatReloader
[INFO] 2025-09-21 19:14:59,402 django.utils.autoreload | C:\Users\vyshn\movie_recommender\movies\views.py changed, reloading.
[INFO] 2025-09-21 19:14:59,943 django.utils.autoreload | Watching for file changes with StatReloader
[WARNING] 2025-09-21 19:15:05,884 django.request | Unauthorized: /api/ratings/
[WARNING] 2025-09-21 19:15:05,885 django.server | "GET /api/ratings/ HTTP/1.1" 401 58
[WARNING] 2025-09-21 19:15:05,961 django.request | Not Found: /favicon.ico
[WARNING] 2025-09-21 19:15:05,962 django.server | "GET /favicon.ico HTTP/1.1" 404 2728
[WARNING] 2025-09-21 19:15:19,074 django.request | Not Found: /api/ratings/1
[WARNING] 2025-09-21 19:15:19,074 django.server | "GET /api/ratings/1 HTTP/1.1" 404 4256
[WARNING] 2025-09-21 19:15:24,095 django.request | Unauthorized: /api/ratings/
[WARNING] 2025-09-21 19:15:24,096 django.server | "GET /api/ratings/ HTTP/1.1" 401 172
[INFO] 2025-09-21 19:15:34,579 django.server | "POST /api/token/ HTTP/1.1" 200 494
[INFO] 2025-09-21 19:15:56,107 django.server | "GET /api/recommendations HTTP/1.1" 301 0
[INFO] 2025-09-21 19:15:56,125 django.server | "GET /api/recommendations/ HTTP/1.1" 200 929
[INFO] 2025-09-21 19:16:03,732 django.server | "GET /api/recommendations/weighted HTTP/1.1" 301 0
[INFO] 2025-09-21 19:16:03,846 django.server | "GET /api/recommendations/weighted/ HTTP/1.1" 200 1296
[WARNING] 2025-09-21 19:16:57,432 django.request | Unauthorized: /api/ratings/
[WARNING] 2025-09-21 19:16:57,433 django.server | "POST /api/ratings/ HTTP/1.1" 401 172
[INFO] 2025-09-21 19:17:07,550 django.server | "POST /api/ratings/ HTTP/1.1" 201 35
[INFO] 2025-09-21 19:17:21,723 django.server | "GET /api/ratings/ HTTP/1.1" 200 123
[INFO] 2025-09-21 19:17:34,855 django.server | "GET /api/recommendations/weighted HTTP/1.1" 301 0
[INFO] 2025-09-21 19:17:34,951 django.server | "GET /api/recommendations/weighted/ HTTP/1.1" 200 1296
[INFO] 2025-09-21 19:17:36,942 django.server | "GET /api/recommendations/weighted HTTP/1.1" 301 0
[INFO] 2025-09-21 19:17:37,039 django.server | "GET /api/recommendations/weighted/ HTTP/1.1" 200 1296
[INFO] 2025-09-21 19:17:52,735 django.server | "GET /api/ratings/ HTTP/1.1" 200 123
[INFO] 2025-09-21 19:19:12,471 django.server | "GET /api/recommendations/weighted HTTP/1.1" 301 0
[INFO] 2025-09-21 19:19:12,554 django.server | "GET /api/recommendations/weighted/ HTTP/1.1" 200 1296
[WARNING] 2025-09-21 19:24:10,996 django.request | Unauthorized: /api/ratings/
[WARNING] 2025-09-21 19:24:10,997 django.server | "GET /api/ratings/ HTTP/1.1" 401 172
[INFO] 2025-09-21 19:24:21,036 django.server | "POST /api/token/ HTTP/1.1" 200 494
[INFO] 2025-09-21 19:24:35,511 django.server | "GET /api/ratings/ HTTP/1.1" 200 123
[WARNING] 2025-09-21 19:25:16,011 django.request | Unauthorized: /api/ratings/
[WARNING] 2025-09-21 19:25:16,012 django.server | "POST /api/ratings/ HTTP/1.1" 401 172
[INFO] 2025-09-21 19:25:27,050 django.server | "POST /api/ratings/ HTTP/1.1" 201 35
[INFO] 2025-09-21 19:25:33,213 django.server | "GET /api/ratings/ HTTP/1.1" 200 159
[INFO] 2025-09-21 19:26:27,355 django.server | "GET /api/recommendations/weighted HTTP/1.1" 301 0
[WARNING] 2025-09-21 19:26:27,358 django.request | Unauthorized: /api/recommendations/weighted/
[WARNING] 2025-09-21 19:26:27,359 django.server | "GET /api/recommendations/weighted/ HTTP/1.1" 401 172
[INFO] 2025-09-21 19:26:36,094 django.server | "GET /api/recommendations/weighted HTTP/1.1" 301 0
[INFO] 2025-09-21 19:26:36,187 django.server | "GET /api/recommendations/weighted/ HTTP/1.1" 200 1296
[INFO] 2025-09-21 19:26:55,427 django.server | "GET /api/recommendations/ HTTP/1.1" 200 929
[INFO] 2025-09-21 19:31:38,650 django.utils.autoreload | C:\Users\vyshn\movie_recommender\movies\views.py changed, reloading.
[INFO] 2025-09-21 19:31:39,236 django.utils.autoreload | Watching for file changes with StatReloader
[INFO] 2025-09-21 19:32:33,961 django.utils.autoreload | C:\Users\vyshn\movie_recommender\movies\views.py changed, reloading.
[INFO] 2025-09-21 19:32:34,636 django.utils.autoreload | Watching for file changes with StatReloader
[INFO] 2025-09-21 21:26:32,910 django.utils.autoreload | C:\Users\vyshn\movie_recommender\movies\views.py changed, reloading.
[INFO] 2025-09-21 21:26:34,246 django.utils.autoreload | Watching for file changes with StatReloader
[INFO] 2025-09-21 21:27:11,493 django.utils.autoreload | C:\Users\vyshn\movie_recommender\movies\views.py changed, reloading.
[INFO] 2025-09-21 21:27:12,653 django.utils.autoreload | Watching for file changes with StatReloader
[INFO] 2025-09-21 21:28:42,501 django.utils.autoreload | C:\Users\vyshn\movie_recommender\movies\views.py changed, reloading.
[INFO] 2025-09-21 21:28:43,617 django.utils.autoreload | Watching for file changes with StatReloader
[INFO] 2025-09-21 21:29:13,660 django.utils.autoreload | C:\Users\vyshn\movie_recommender\movies\urls.py changed, reloading.
[INFO] 2025-09-21 21:29:14,787 django.utils.autoreload | Watching for file changes with StatReloader
[ERROR] 2025-09-21 21:29:27,821 django.request | Internal Server Error: /api/movies/add
Traceback (most recent call last):
  File "C:\Users\vyshn\movie_recommender\env\Lib\site-packages\django\core\handlers\exception.py", line 55, in inner
    response = get_response(request)
  File "C:\Users\vyshn\movie_recommender\env\Lib\site-packages\django\utils\deprecation.py", line 122, in __call__
    response = self.process_response(request, response)
  File "C:\Users\vyshn\movie_recommender\env\Lib\site-packages\django\middleware\common.py", line 108, in process_response
    return self.response_redirect_class(self.get_full_path_with_slash(request))
                                        ~~~~~~~~~~~~~~~~~~~~~~~~~~~~~^^^^^^^^^
  File "C:\Users\vyshn\movie_recommender\env\Lib\site-packages\django\middleware\common.py", line 87, in get_full_path_with_slash
    raise RuntimeError(
    ...<9 lines>...
    )
RuntimeError: You called this URL via POST, but the URL doesn't end in a slash and you have APPEND_SLASH set. Django can't redirect to the slash URL while maintaining POST data. Change your form to point to 127.0.0.1:8000/api/movies/add/ (note the trailing slash), or set APPEND_SLASH=False in your Django settings.
[ERROR] 2025-09-21 21:29:27,826 django.server | "POST /api/movies/add HTTP/1.1" 500 70154
[ERROR] 2025-09-21 21:30:26,001 django.request | Internal Server Error: /api/movies/add
Traceback (most recent call last):
  File "C:\Users\vyshn\movie_recommender\env\Lib\site-packages\django\core\handlers\exception.py", line 55, in inner
    response = get_response(request)
  File "C:\Users\vyshn\movie_recommender\env\Lib\site-packages\django\utils\deprecation.py", line 122, in __call__
    response = self.process_response(request, response)
  File "C:\Users\vyshn\movie_recommender\env\Lib\site-packages\django\middleware\common.py", line 108, in process_response
    return self.response_redirect_class(self.get_full_path_with_slash(request))
                                        ~~~~~~~~~~~~~~~~~~~~~~~~~~~~~^^^^^^^^^
  File "C:\Users\vyshn\movie_recommender\env\Lib\site-packages\django\middleware\common.py", line 87, in get_full_path_with_slash
    raise RuntimeError(
    ...<9 lines>...
    )
RuntimeError: You called this URL via POST, but the URL doesn't end in a slash and you have APPEND_SLASH set. Django can't redirect to the slash URL while maintaining POST data. Change your form to point to 127.0.0.1:8000/api/movies/add/ (note the trailing slash), or set APPEND_SLASH=False in your Django settings.
[ERROR] 2025-09-21 21:30:26,004 django.server | "POST /api/movies/add HTTP/1.1" 500 70161
[INFO] 2025-09-21 21:30:40,621 django.server | "POST /api/token/ HTTP/1.1" 200 494
[ERROR] 2025-09-21 21:31:09,184 django.request | Internal Server Error: /api/movies/add
Traceback (most recent call last):
  File "C:\Users\vyshn\movie_recommender\env\Lib\site-packages\django\core\handlers\exception.py", line 55, in inner
    response = get_response(request)
  File "C:\Users\vyshn\movie_recommender\env\Lib\site-packages\django\utils\deprecation.py", line 122, in __call__
    response = self.process_response(request, response)
  File "C:\Users\vyshn\movie_recommender\env\Lib\site-packages\django\middleware\common.py", line 108, in process_response
    return self.response_redirect_class(self.get_full_path_with_slash(request))
                                        ~~~~~~~~~~~~~~~~~~~~~~~~~~~~~^^^^^^^^^
  File "C:\Users\vyshn\movie_recommender\env\Lib\site-packages\django\middleware\common.py", line 87, in get_full_path_with_slash
    raise RuntimeError(
    ...<9 lines>...
    )
RuntimeError: You called this URL via POST, but the URL doesn't end in a slash and you have APPEND_SLASH set. Django can't redirect to the slash URL while maintaining POST data. Change your form to point to 127.0.0.1:8000/api/movies/add/ (note the trailing slash), or set APPEND_SLASH=False in your Django settings.
[ERROR] 2025-09-21 21:31:09,185 django.server | "POST /api/movies/add HTTP/1.1" 500 70309
[WARNING] 2025-09-21 21:31:21,327 django.request | Forbidden: /api/movies/add/
[WARNING] 2025-09-21 21:31:21,332 django.server | "POST /api/movies/add/ HTTP/1.1" 403 63
[INFO] 2025-09-21 21:31:40,921 django.server | "POST /api/token/ HTTP/1.1" 200 494
[WARNING] 2025-09-21 21:32:02,369 django.request | Forbidden: /api/movies/add/
[WARNING] 2025-09-21 21:32:02,370 django.server | "POST /api/movies/add/ HTTP/1.1" 403 63
[INFO] 2025-09-21 21:32:21,392 django.server | "GET /admin/ HTTP/1.1" 200 9372
[INFO] 2025-09-21 21:32:21,410 django.server | "GET /static/admin/css/base.css HTTP/1.1" 304 0
[INFO] 2025-09-21 21:32:21,410 django.server | "GET /static/admin/css/dark_mode.css HTTP/1.1" 304 0
[INFO] 2025-09-21 21:32:21,414 django.server | "GET /static/admin/css/nav_sidebar.css HTTP/1.1" 304 0
[INFO] 2025-09-21 21:32:21,417 django.server | "GET /static/admin/css/dashboard.css HTTP/1.1" 304 0
[INFO] 2025-09-21 21:32:21,421 django.server | "GET /static/admin/css/responsive.css HTTP/1.1" 304 0
[INFO] 2025-09-21 21:32:21,421 django.server | "GET /static/admin/js/theme.js HTTP/1.1" 304 0
[INFO] 2025-09-21 21:32:21,455 django.server | "GET /static/admin/js/nav_sidebar.js HTTP/1.1" 304 0
[INFO] 2025-09-21 21:32:21,475 django.server | "GET /static/admin/img/icon-changelink.svg HTTP/1.1" 304 0
[INFO] 2025-09-21 21:32:21,475 django.server | "GET /static/admin/img/icon-addlink.svg HTTP/1.1" 304 0
[INFO] 2025-09-21 21:32:25,072 django.server | "POST /admin/logout/ HTTP/1.1" 200 3568
[INFO] 2025-09-21 21:32:27,433 django.server | "GET /admin/ HTTP/1.1" 302 0
[INFO] 2025-09-21 21:32:27,623 django.server | "GET /admin/login/?next=/admin/ HTTP/1.1" 200 4173
[INFO] 2025-09-21 21:32:27,638 django.server | "GET /static/admin/css/login.css HTTP/1.1" 304 0
[INFO] 2025-09-21 21:32:41,228 django.server | "POST /admin/login/?next=/admin/ HTTP/1.1" 200 4344
[INFO] 2025-09-21 21:32:50,500 django.server | "POST /admin/login/?next=/admin/ HTTP/1.1" 302 0
[INFO] 2025-09-21 21:32:50,529 django.server | "GET /admin/ HTTP/1.1" 200 9372
[INFO] 2025-09-21 21:59:20,596 django.utils.autoreload | Watching for file changes with StatReloader
[INFO] 2025-09-21 21:59:21,458 django.server | "GET /admin/movies/userprofile/ HTTP/1.1" 200 9630
[INFO] 2025-09-21 21:59:21,505 django.server | "GET /static/admin/js/vendor/jquery/jquery.js HTTP/1.1" 304 0
[INFO] 2025-09-21 21:59:21,510 django.server | "GET /static/admin/js/jquery.init.js HTTP/1.1" 304 0
[INFO] 2025-09-21 21:59:21,515 django.server | "GET /static/admin/js/actions.js HTTP/1.1" 304 0
[INFO] 2025-09-21 21:59:21,519 django.server | "GET /static/admin/js/urlify.js HTTP/1.1" 304 0
[INFO] 2025-09-21 21:59:21,519 django.server | "GET /static/admin/js/core.js HTTP/1.1" 304 0
[INFO] 2025-09-21 21:59:21,519 django.server | "GET /static/admin/js/admin/RelatedObjectLookups.js HTTP/1.1" 304 0
[INFO] 2025-09-21 21:59:21,520 django.server | "GET /static/admin/js/prepopulate.js HTTP/1.1" 304 0
[INFO] 2025-09-21 21:59:21,531 django.server | "GET /static/admin/js/vendor/xregexp/xregexp.js HTTP/1.1" 304 0
[INFO] 2025-09-21 21:59:21,579 django.server | "GET /admin/jsi18n/ HTTP/1.1" 200 3342
[INFO] 2025-09-21 21:59:21,589 django.server | "GET /static/admin/css/changelists.css HTTP/1.1" 200 6878
[INFO] 2025-09-21 21:59:21,615 django.server | "GET /static/admin/js/filters.js HTTP/1.1" 200 978
[INFO] 2025-09-21 21:59:21,658 django.server | "GET /static/admin/img/tooltag-add.svg HTTP/1.1" 200 331
[INFO] 2025-09-21 21:59:25,495 django.server | "GET /admin/movies/userprofile/ HTTP/1.1" 200 9630
[INFO] 2025-09-21 21:59:25,522 django.server | "GET /admin/jsi18n/ HTTP/1.1" 200 3342
[INFO] 2025-09-21 21:59:26,839 django.server | "GET /admin/auth/user/ HTTP/1.1" 200 58847
[INFO] 2025-09-21 21:59:26,862 django.server | "GET /static/admin/img/search.svg HTTP/1.1" 304 0
[INFO] 2025-09-21 21:59:26,871 django.server | "GET /admin/jsi18n/ HTTP/1.1" 200 3342
[INFO] 2025-09-21 21:59:26,881 django.server | "GET /static/admin/img/icon-no.svg HTTP/1.1" 200 560
[INFO] 2025-09-21 21:59:26,908 django.server | "GET /static/admin/img/sorting-icons.svg HTTP/1.1" 200 1097
[INFO] 2025-09-21 21:59:26,927 django.server | "GET /static/admin/img/icon-viewlink.svg HTTP/1.1" 200 581
[INFO] 2025-09-21 22:00:45,095 django.server | "POST /api/token/ HTTP/1.1" 200 494
[INFO] 2025-09-21 22:01:03,810 django.server | "POST /api/ratings/ HTTP/1.1" 201 35
[INFO] 2025-09-21 22:01:16,455 django.server | "POST /api/ratings/ HTTP/1.1" 201 35
[WARNING] 2025-09-21 22:01:36,078 django.request | Forbidden: /api/movies/add/
[WARNING] 2025-09-21 22:01:36,079 django.server | "POST /api/movies/add/ HTTP/1.1" 403 63
[INFO] 2025-09-21 22:03:58,069 django.utils.autoreload | C:\Users\vyshn\movie_recommender\movies\permissions.py changed, reloading.
[INFO] 2025-09-21 22:03:59,138 django.utils.autoreload | Watching for file changes with StatReloader
[INFO] 2025-09-21 22:21:30,599 django.utils.autoreload | C:\Users\vyshn\movie_recommender\movies\views.py changed, reloading.
[INFO] 2025-09-21 22:21:31,954 django.utils.autoreload | Watching for file changes with StatReloader
[WARNING] 2025-09-21 22:21:35,475 django.request | Unauthorized: /api/movies/add/
[WARNING] 2025-09-21 22:21:35,476 django.server | "POST /api/movies/add/ HTTP/1.1" 401 172
[INFO] 2025-09-21 22:21:44,791 django.server | "POST /api/token/ HTTP/1.1" 200 494
[INFO] 2025-09-21 22:22:07,274 django.server | "POST /api/movies/add/ HTTP/1.1" 201 66
[INFO] 2025-09-21 22:27:31,935 django.utils.autoreload | C:\Users\vyshn\movie_recommender\movies\views.py changed, reloading.
[INFO] 2025-09-21 22:27:33,195 django.utils.autoreload | Watching for file changes with StatReloader
[WARNING] 2025-09-21 22:27:45,946 django.request | Unauthorized: /api/movies/add/
[WARNING] 2025-09-21 22:27:45,947 django.server | "POST /api/movies/add/ HTTP/1.1" 401 172
[INFO] 2025-09-21 22:27:55,265 django.server | "POST /api/token/ HTTP/1.1" 200 494
[WARNING] 2025-09-21 22:28:11,533 django.request | Forbidden: /api/movies/add/
[WARNING] 2025-09-21 22:28:11,534 django.server | "POST /api/movies/add/ HTTP/1.1" 403 63
[INFO] 2025-09-21 22:28:42,348 django.server | "GET /admin/auth/group/add/ HTTP/1.1" 200 14747
[INFO] 2025-09-21 22:28:42,377 django.server | "GET /static/admin/css/forms.css HTTP/1.1" 304 0
[INFO] 2025-09-21 22:28:42,384 django.server | "GET /static/admin/js/SelectBox.js HTTP/1.1" 304 0
[INFO] 2025-09-21 22:28:42,386 django.server | "GET /static/admin/css/widgets.css HTTP/1.1" 304 0
[INFO] 2025-09-21 22:28:42,388 django.server | "GET /static/admin/js/prepopulate_init.js HTTP/1.1" 304 0
[INFO] 2025-09-21 22:28:42,388 django.server | "GET /static/admin/js/SelectFilter2.js HTTP/1.1" 304 0
[INFO] 2025-09-21 22:28:42,390 django.server | "GET /admin/jsi18n/ HTTP/1.1" 200 3342
[INFO] 2025-09-21 22:28:42,393 django.server | "GET /static/admin/js/change_form.js HTTP/1.1" 304 0
[INFO] 2025-09-21 22:28:42,448 django.server | "GET /static/admin/img/selector-icons.svg HTTP/1.1" 304 0
[INFO] 2025-09-21 22:29:30,709 django.server | "POST /admin/auth/group/add/ HTTP/1.1" 302 0
[INFO] 2025-09-21 22:29:30,748 django.server | "GET /admin/auth/group/ HTTP/1.1" 200 11398
[INFO] 2025-09-21 22:29:30,767 django.server | "GET /admin/jsi18n/ HTTP/1.1" 200 3342
[INFO] 2025-09-21 22:29:30,799 django.server | "GET /static/admin/img/icon-yes.svg HTTP/1.1" 304 0
[INFO] 2025-09-21 22:29:37,224 django.utils.autoreload | C:\Users\vyshn\movie_recommender\movies\permissions.py changed, reloading.
[INFO] 2025-09-21 22:29:38,368 django.utils.autoreload | Watching for file changes with StatReloader
[WARNING] 2025-09-21 22:29:41,018 django.request | Forbidden: /api/movies/add/
[WARNING] 2025-09-21 22:29:41,019 django.server | "POST /api/movies/add/ HTTP/1.1" 403 63
[WARNING] 2025-09-21 22:29:42,792 django.request | Forbidden: /api/movies/add/
[WARNING] 2025-09-21 22:29:42,793 django.server | "POST /api/movies/add/ HTTP/1.1" 403 63
[INFO] 2025-09-21 22:29:51,475 django.server | "GET /admin/auth/group/1/change/ HTTP/1.1" 200 14980
[INFO] 2025-09-21 22:29:51,504 django.server | "GET /admin/jsi18n/ HTTP/1.1" 200 3342
[WARNING] 2025-09-21 22:30:22,745 django.request | Forbidden: /api/movies/add/
[WARNING] 2025-09-21 22:30:22,746 django.server | "POST /api/movies/add/ HTTP/1.1" 403 63
[INFO] 2025-09-21 22:36:37,539 django.server | "GET /api/movies/add HTTP/1.1" 301 0
[WARNING] 2025-09-21 22:36:37,552 django.request | Unauthorized: /api/movies/add/
[WARNING] 2025-09-21 22:36:37,553 django.server | "GET /api/movies/add/ HTTP/1.1" 401 58
[WARNING] 2025-09-21 22:36:52,471 django.request | Unauthorized: /api/movies/add/
[WARNING] 2025-09-21 22:36:52,472 django.server | "POST /api/movies/add/ HTTP/1.1" 401 172
[INFO] 2025-09-21 22:36:59,325 django.server | "POST /api/token/ HTTP/1.1" 200 494
[WARNING] 2025-09-21 22:37:32,163 django.request | Forbidden: /api/movies/add/
[WARNING] 2025-09-21 22:37:32,164 django.server | "POST /api/movies/add/ HTTP/1.1" 403 63
[INFO] 2025-09-23 20:43:46,594 django.utils.autoreload | Watching for file changes with StatReloader
[INFO] 2025-09-23 20:43:58,224 django.server | "POST /api/token/ HTTP/1.1" 200 489
[WARNING] 2025-09-23 20:44:34,151 django.request | Unauthorized: /api/movies/add/
[WARNING] 2025-09-23 20:44:34,152 django.server | "POST /api/movies/add/ HTTP/1.1" 401 172
[WARNING] 2025-09-23 20:44:47,951 django.request | Forbidden: /api/movies/add/
[WARNING] 2025-09-23 20:44:47,952 django.server | "POST /api/movies/add/ HTTP/1.1" 403 63
[INFO] 2025-09-23 20:48:24,703 django.utils.autoreload | C:\Users\vyshn\movie_recommender\movies\permissions.py changed, reloading.
[INFO] 2025-09-23 20:48:25,989 django.utils.autoreload | Watching for file changes with StatReloader
[INFO] 2025-09-23 20:48:27,443 django.server | "POST /api/movies/add/ HTTP/1.1" 201 63
[INFO] 2025-09-23 20:48:41,233 django.server | "POST /api/movies/add/ HTTP/1.1" 201 77
